2018-07-26 15:57:12.171  INFO 3932 --- [main] s.w.s.m.m.a.RequestMappingHandlerMapping : Mapped "{[/common/sysregion/queryRemote]}" onto public java.lang.Object org.totem.common.action.SysRegionController.queryRemotea(javax.servlet.http.HttpServletRequest,javax.servlet.http.HttpServletResponse)
2018-07-26 15:57:12.305  INFO 3932 --- [main] s.w.s.m.m.a.RequestMappingHandlerMapping : Mapped "{[/common/sysregion/query],methods=[POST]}" onto public java.lang.Object org.totem.common.action.SysRegionController.queryData(org.totem.common.model.SysRegion,javax.servlet.http.HttpServletRequest,javax.servlet.http.HttpServletResponse,org.springframework.ui.Model,int,int,java.lang.String,java.lang.String,java.lang.String)
2018-07-26 15:57:12.305  INFO 3932 --- [main] s.w.s.m.m.a.RequestMappingHandlerMapping : Mapped "{[/common/sysregion/delete],methods=[POST]}" onto public org.totem.common.utils.model.JsonVo<org.totem.common.model.SysRegion> org.totem.common.action.SysRegionController.deleteSysRegion(java.lang.String,javax.servlet.http.HttpServletRequest,javax.servlet.http.HttpServletResponse,org.springframework.ui.ModelMap) throws java.lang.Exception
2018-07-26 15:57:12.305  INFO 3932 --- [main] s.w.s.m.m.a.RequestMappingHandlerMapping : Mapped "{[/common/sysregion/update],methods=[POST]}" onto public org.totem.common.utils.model.JsonVo<org.totem.common.model.SysRegion> org.totem.common.action.SysRegionController.updateSysRegion(javax.servlet.http.HttpServletRequest,javax.servlet.http.HttpServletResponse,org.springframework.ui.ModelMap) throws java.lang.Exception
2018-07-26 15:57:12.306  INFO 3932 --- [main] s.w.s.m.m.a.RequestMappingHandlerMapping : Mapped "{[/common/sysregion/deletes],methods=[POST]}" onto public org.totem.common.utils.model.JsonVo<org.totem.common.model.SysRegion> org.totem.common.action.SysRegionController.deleteSysRegions(javax.servlet.http.HttpServletRequest,javax.servlet.http.HttpServletResponse,org.springframework.ui.ModelMap) throws java.lang.Exception
2018-07-26 15:57:12.306  INFO 3932 --- [main] s.w.s.m.m.a.RequestMappingHandlerMapping : Mapped "{[/common/sysregion/edit/{id}]}" onto public org.springframework.web.servlet.ModelAndView org.totem.common.action.SysRegionController.editSysRegionById(javax.servlet.http.HttpServletRequest,javax.servlet.http.HttpServletResponse,org.springframework.ui.Model,java.lang.String)
2018-07-26 15:57:12.306  INFO 3932 --- [main] s.w.s.m.m.a.RequestMappingHandlerMapping : Mapped "{[/common/sysregion/copy],methods=[POST]}" onto public org.totem.common.utils.model.JsonVo<org.totem.common.model.SysRegion> org.totem.common.action.SysRegionController.copySysRegion(javax.servlet.http.HttpServletRequest,javax.servlet.http.HttpServletResponse,org.springframework.ui.ModelMap) throws java.lang.Exception
2018-07-26 15:57:12.306  INFO 3932 --- [main] s.w.s.m.m.a.RequestMappingHandlerMapping : Mapped "{[/common/sysregion/queryby/{name}/is/{value}]}" onto public java.lang.Object org.totem.common.action.SysRegionController.querySysRegionById(javax.servlet.http.HttpServletRequest,javax.servlet.http.HttpServletResponse,org.springframework.ui.Model,java.lang.String,java.lang.String)
2018-07-26 15:57:12.307  INFO 3932 --- [main] s.w.s.m.m.a.RequestMappingHandlerMapping : Mapped "{[/common/sysregion/query/{id}]}" onto public java.lang.Object org.totem.common.action.SysRegionController.querySysRegionById(javax.servlet.http.HttpServletRequest,javax.servlet.http.HttpServletResponse,org.springframework.ui.Model,java.lang.String)
2018-07-26 15:57:12.307  INFO 3932 --- [main] s.w.s.m.m.a.RequestMappingHandlerMapping : Mapped "{[/common/sysregion/create]}" onto public java.lang.Object org.totem.common.action.SysRegionController.createSysRegion(javax.servlet.http.HttpServletRequest,javax.servlet.http.HttpServletResponse,org.springframework.ui.Model)
2018-07-26 15:57:12.308  INFO 3932 --- [main] s.w.s.m.m.a.RequestMappingHandlerMapping : Mapped "{[/tour/systouruser]}" onto public org.springframework.web.servlet.ModelAndView org.totem.tour.action.SysTourUserController.index(javax.servlet.http.HttpServletRequest,javax.servlet.http.HttpServletResponse,org.springframework.ui.Model)
2018-07-26 15:57:12.309  INFO 3932 --- [main] s.w.s.m.m.a.RequestMappingHandlerMapping : Mapped "{[/tour/systouruser/create]}" onto public java.lang.Object org.totem.tour.action.SysTourUserController.createSysTourUser(javax.servlet.http.HttpServletRequest,javax.servlet.http.HttpServletResponse,org.springframework.ui.Model)
2018-07-26 15:57:12.309  INFO 3932 --- [main] s.w.s.m.m.a.RequestMappingHandlerMapping : Mapped "{[/tour/systouruser/queryby/{name}/is/{value}]}" onto public java.lang.Object org.totem.tour.action.SysTourUserController.querySysTourUserById(javax.servlet.http.HttpServletRequest,javax.servlet.http.HttpServletResponse,org.springframework.ui.Model,java.lang.String,java.lang.String)
2018-07-26 15:57:12.309  INFO 3932 --- [main] s.w.s.m.m.a.RequestMappingHandlerMapping : Mapped "{[/tour/systouruser/query/{id}]}" onto public java.lang.Object org.totem.tour.action.SysTourUserController.querySysTourUserById(javax.servlet.http.HttpServletRequest,javax.servlet.http.HttpServletResponse,org.springframework.ui.Model,java.lang.String)
2018-07-26 15:57:12.309  INFO 3932 --- [main] s.w.s.m.m.a.RequestMappingHandlerMapping : Mapped "{[/tour/systouruser/edit/{id}]}" onto public org.springframework.web.servlet.ModelAndView org.totem.tour.action.SysTourUserController.editSysTourUserById(javax.servlet.http.HttpServletRequest,javax.servlet.http.HttpServletResponse,org.springframework.ui.Model,java.lang.String)
2018-07-26 15:57:12.310  INFO 3932 --- [main] s.w.s.m.m.a.RequestMappingHandlerMapping : Mapped "{[/tour/systouruser/copy],methods=[POST]}" onto public org.totem.common.utils.model.JsonVo<org.totem.tour.model.SysTourUser> org.totem.tour.action.SysTourUserController.copySysTourUser(javax.servlet.http.HttpServletRequest,org.springframework.ui.ModelMap) throws java.lang.Exception
2018-07-26 15:57:12.310  INFO 3932 --- [main] s.w.s.m.m.a.RequestMappingHandlerMapping : Mapped "{[/tour/systouruser/queryAll]}" onto public java.lang.Object org.totem.tour.action.SysTourUserController.queryAllData(org.totem.tour.model.SysTourUser,javax.servlet.http.HttpServletRequest,javax.servlet.http.HttpServletResponse)
2018-07-26 15:57:12.310  INFO 3932 --- [main] s.w.s.m.m.a.RequestMappingHandlerMapping : Mapped "{[/tour/systouruser/queryAuthAll]}" onto public java.lang.Object org.totem.tour.action.SysTourUserController.queryAuthAllData(org.totem.tour.model.SysTourUser,javax.servlet.http.HttpServletRequest,javax.servlet.http.HttpServletResponse)
2018-07-26 15:57:12.311  INFO 3932 --- [main] s.w.s.m.m.a.RequestMappingHandlerMapping : Mapped "{[/tour/systouruser/exportAuthAll]}" onto public java.lang.Object org.totem.tour.action.SysTourUserController.exportAuthAllDataToExcel(org.totem.tour.model.SysTourUser,javax.servlet.http.HttpServletRequest,javax.servlet.http.HttpServletResponse)
2018-07-26 15:57:12.312  INFO 3932 --- [main] s.w.s.m.m.a.RequestMappingHandlerMapping : Mapped "{[/tour/systouruser/queryRemote]}" onto public java.lang.Object org.totem.tour.action.SysTourUserController.queryRemotea(javax.servlet.http.HttpServletRequest,javax.servlet.http.HttpServletResponse)
2018-07-26 15:57:12.314  INFO 3932 --- [main] s.w.s.m.m.a.RequestMappingHandlerMapping : Mapped "{[/tour/systouruser/query],methods=[POST]}" onto public java.lang.Object org.totem.tour.action.SysTourUserController.queryData(org.totem.tour.model.SysTourUser,javax.servlet.http.HttpServletRequest,javax.servlet.http.HttpServletResponse,org.springframework.ui.Model,int,int,java.lang.String,java.lang.String,java.lang.String)
2018-07-26 15:57:12.315  INFO 3932 --- [main] s.w.s.m.m.a.RequestMappingHandlerMapping : Mapped "{[/tour/systouruser/update],methods=[POST]}" onto public org.totem.common.utils.model.JsonVo<org.totem.tour.model.SysTourUser> org.totem.tour.action.SysTourUserController.updateSysTourUser(javax.servlet.http.HttpServletRequest,org.springframework.ui.ModelMap) throws java.lang.Exception
2018-07-26 15:57:12.315  INFO 3932 --- [main] s.w.s.m.m.a.RequestMappingHandlerMapping : Mapped "{[/tour/systouruser/delete],methods=[POST]}" onto public org.totem.common.utils.model.JsonVo<org.totem.tour.model.SysTourUser> org.totem.tour.action.SysTourUserController.deleteSysTourUser(java.lang.String,javax.servlet.http.HttpServletRequest,org.springframework.ui.ModelMap) throws java.lang.Exception
2018-07-26 15:57:12.316  INFO 3932 --- [main] s.w.s.m.m.a.RequestMappingHandlerMapping : Mapped "{[/tour/systouruser/deletes],methods=[POST]}" onto public org.totem.common.utils.model.JsonVo<org.totem.tour.model.SysTourUser> org.totem.tour.action.SysTourUserController.deleteSysTourUsers(javax.servlet.http.HttpServletRequest,org.springframework.ui.ModelMap) throws java.lang.Exception
2018-07-26 15:57:12.317  INFO 3932 --- [main] s.w.s.m.m.a.RequestMappingHandlerMapping : Mapped "{[/tour/systourcfg]}" onto public org.springframework.web.servlet.ModelAndView org.totem.tour.action.SysTourCfgController.index(javax.servlet.http.HttpServletRequest,javax.servlet.http.HttpServletResponse,org.springframework.ui.Model)
2018-07-26 15:57:12.317  INFO 3932 --- [main] s.w.s.m.m.a.RequestMappingHandlerMapping : Mapped "{[/tour/systourcfg/member]}" onto public org.springframework.web.servlet.ModelAndView org.totem.tour.action.SysTourCfgController.members(javax.servlet.http.HttpServletRequest,javax.servlet.http.HttpServletResponse,org.springframework.ui.Model)
2018-07-26 15:57:12.318  INFO 3932 --- [main] s.w.s.m.m.a.RequestMappingHandlerMapping : Mapped "{[/tour/systourcfg/update],methods=[POST]}" onto public org.totem.common.utils.model.JsonVo<org.totem.tour.model.SysTourCfg> org.totem.tour.action.SysTourCfgController.updateSysTourCfg(javax.servlet.http.HttpServletRequest,org.springframework.ui.ModelMap) throws java.lang.Exception
2018-07-26 15:57:12.318  INFO 3932 --- [main] s.w.s.m.m.a.RequestMappingHandlerMapping : Mapped "{[/tour/systourcfg/delete],methods=[POST]}" onto public org.totem.common.utils.model.JsonVo<org.totem.tour.model.SysTourCfg> org.totem.tour.action.SysTourCfgController.deleteSysTourCfg(java.lang.String,javax.servlet.http.HttpServletRequest,org.springframework.ui.ModelMap) throws java.lang.Exception
2018-07-26 15:57:12.319  INFO 3932 --- [main] s.w.s.m.m.a.RequestMappingHandlerMapping : Mapped "{[/tour/systourcfg/deletes],methods=[POST]}" onto public org.totem.common.utils.model.JsonVo<org.totem.tour.model.SysTourCfg> org.totem.tour.action.SysTourCfgController.deleteSysTourCfgs(javax.servlet.http.HttpServletRequest,org.springframework.ui.ModelMap) throws java.lang.Exception
2018-07-26 15:57:12.319  INFO 3932 --- [main] s.w.s.m.m.a.RequestMappingHandlerMapping : Mapped "{[/tour/systourcfg/queryAll]}" onto public java.lang.Object org.totem.tour.action.SysTourCfgController.queryAllData(org.totem.tour.model.SysTourCfg,javax.servlet.http.HttpServletRequest,javax.servlet.http.HttpServletResponse)
2018-07-26 15:57:12.319  INFO 3932 --- [main] s.w.s.m.m.a.RequestMappingHandlerMapping : Mapped "{[/tour/systourcfg/queryAuthAll]}" onto public java.lang.Object org.totem.tour.action.SysTourCfgController.queryAuthAllData(org.totem.tour.model.SysTourCfg,javax.servlet.http.HttpServletRequest,javax.servlet.http.HttpServletResponse)
2018-07-26 15:57:12.320  INFO 3932 --- [main] s.w.s.m.m.a.RequestMappingHandlerMapping : Mapped "{[/tour/systourcfg/exportAuthAll]}" onto public java.lang.Object org.totem.tour.action.SysTourCfgController.exportAuthAllDataToExcel(org.totem.tour.model.SysTourCfg,javax.servlet.http.HttpServletRequest,javax.servlet.http.HttpServletResponse)
2018-07-26 15:57:12.320  INFO 3932 --- [main] s.w.s.m.m.a.RequestMappingHandlerMapping : Mapped "{[/tour/systourcfg/queryRemote]}" onto public java.lang.Object org.totem.tour.action.SysTourCfgController.queryRemotea(javax.servlet.http.HttpServletRequest,javax.servlet.http.HttpServletResponse)
2018-07-26 15:57:12.320  INFO 3932 --- [main] s.w.s.m.m.a.RequestMappingHandlerMapping : Mapped "{[/tour/systourcfg/query],methods=[POST]}" onto public java.lang.Object org.totem.tour.action.SysTourCfgController.queryData(org.totem.tour.model.SysTourCfg,javax.servlet.http.HttpServletRequest,javax.servlet.http.HttpServletResponse,org.springframework.ui.Model,int,int,java.lang.String,java.lang.String,java.lang.String)
2018-07-26 15:57:12.321  INFO 3932 --- [main] s.w.s.m.m.a.RequestMappingHandlerMapping : Mapped "{[/tour/systourcfg/create]}" onto public java.lang.Object org.totem.tour.action.SysTourCfgController.createSysTourCfg(javax.servlet.http.HttpServletRequest,javax.servlet.http.HttpServletResponse,org.springframework.ui.Model)
2018-07-26 15:57:12.321  INFO 3932 --- [main] s.w.s.m.m.a.RequestMappingHandlerMapping : Mapped "{[/tour/systourcfg/queryby/{name}/is/{value}]}" onto public java.lang.Object org.totem.tour.action.SysTourCfgController.querySysTourCfgById(javax.servlet.http.HttpServletRequest,javax.servlet.http.HttpServletResponse,org.springframework.ui.Model,java.lang.String,java.lang.String)
2018-07-26 15:57:12.321  INFO 3932 --- [main] s.w.s.m.m.a.RequestMappingHandlerMapping : Mapped "{[/tour/systourcfg/query/{id}]}" onto public java.lang.Object org.totem.tour.action.SysTourCfgController.querySysTourCfgById(javax.servlet.http.HttpServletRequest,javax.servlet.http.HttpServletResponse,org.springframework.ui.Model,java.lang.String)
2018-07-26 15:57:12.322  INFO 3932 --- [main] s.w.s.m.m.a.RequestMappingHandlerMapping : Mapped "{[/tour/systourcfg/edit/{id}]}" onto public org.springframework.web.servlet.ModelAndView org.totem.tour.action.SysTourCfgController.editSysTourCfgById(javax.servlet.http.HttpServletRequest,javax.servlet.http.HttpServletResponse,org.springframework.ui.Model,java.lang.String)
2018-07-26 15:57:12.322  INFO 3932 --- [main] s.w.s.m.m.a.RequestMappingHandlerMapping : Mapped "{[/tour/systourcfg/copy],methods=[POST]}" onto public org.totem.common.utils.model.JsonVo<org.totem.tour.model.SysTourCfg> org.totem.tour.action.SysTourCfgController.copySysTourCfg(javax.servlet.http.HttpServletRequest,org.springframework.ui.ModelMap) throws java.lang.Exception
2018-07-26 15:57:12.322  INFO 3932 --- [main] s.w.s.m.m.a.RequestMappingHandlerMapping : Mapped "{[/tour/getTourGuide/{pageName}],methods=[GET]}" onto public java.lang.Object org.totem.tour.action.TourController.getTourGuide(javax.servlet.http.HttpServletRequest,javax.servlet.http.HttpServletResponse,java.lang.String)
2018-07-26 15:57:12.323  INFO 3932 --- [main] s.w.s.m.m.a.RequestMappingHandlerMapping : Mapped "{[/tour/closeTourGuide/{pageName}],methods=[GET]}" onto public java.lang.Object org.totem.tour.action.TourController.closeTourGuide(javax.servlet.http.HttpServletRequest,javax.servlet.http.HttpServletResponse,java.lang.String)
2018-07-26 15:57:12.323  INFO 3932 --- [main] s.w.s.m.m.a.RequestMappingHandlerMapping : Mapped "{[/tour/ifShowTour/{pageName}],methods=[GET]}" onto public java.lang.Object org.totem.tour.action.TourController.ifShowTour(javax.servlet.http.HttpServletRequest,javax.servlet.http.HttpServletResponse,java.lang.String)
2018-07-26 15:57:12.325  INFO 3932 --- [main] s.w.s.m.m.a.RequestMappingHandlerMapping : Mapped "{[/tour/systourcfgdetail]}" onto public org.springframework.web.servlet.ModelAndView org.totem.tour.action.SysTourCfgDetailController.index(javax.servlet.http.HttpServletRequest,javax.servlet.http.HttpServletResponse,org.springframework.ui.Model)
2018-07-26 15:57:12.325  INFO 3932 --- [main] s.w.s.m.m.a.RequestMappingHandlerMapping : Mapped "{[/tour/systourcfgdetail/queryAll]}" onto public java.lang.Object org.totem.tour.action.SysTourCfgDetailController.queryAllData(org.totem.tour.model.SysTourCfgDetail,javax.servlet.http.HttpServletRequest,javax.servlet.http.HttpServletResponse)
2018-07-26 15:57:12.325  INFO 3932 --- [main] s.w.s.m.m.a.RequestMappingHandlerMapping : Mapped "{[/tour/systourcfgdetail/queryAuthAll]}" onto public java.lang.Object org.totem.tour.action.SysTourCfgDetailController.queryAuthAllData(org.totem.tour.model.SysTourCfgDetail,javax.servlet.http.HttpServletRequest,javax.servlet.http.HttpServletResponse)
2018-07-26 15:57:12.326  INFO 3932 --- [main] s.w.s.m.m.a.RequestMappingHandlerMapping : Mapped "{[/tour/systourcfgdetail/exportAuthAll]}" onto public java.lang.Object org.totem.tour.action.SysTourCfgDetailController.exportAuthAllDataToExcel(org.totem.tour.model.SysTourCfgDetail,javax.servlet.http.HttpServletRequest,javax.servlet.http.HttpServletResponse)
2018-07-26 15:57:12.326  INFO 3932 --- [main] s.w.s.m.m.a.RequestMappingHandlerMapping : Mapped "{[/tour/systourcfgdetail/queryRemote]}" onto public java.lang.Object org.totem.tour.action.SysTourCfgDetailController.queryRemotea(javax.servlet.http.HttpServletRequest,javax.servlet.http.HttpServletResponse)
2018-07-26 15:57:12.327  INFO 3932 --- [main] s.w.s.m.m.a.RequestMappingHandlerMapping : Mapped "{[/tour/systourcfgdetail/query],methods=[POST]}" onto public java.lang.Object org.totem.tour.action.SysTourCfgDetailController.queryData(org.totem.tour.model.SysTourCfgDetail,javax.servlet.http.HttpServletRequest,javax.servlet.http.HttpServletResponse,org.springframework.ui.Model,int,int,java.lang.String,java.lang.String,java.lang.String)
2018-07-26 15:57:12.328  INFO 3932 --- [main] s.w.s.m.m.a.RequestMappingHandlerMapping : Mapped "{[/tour/systourcfgdetail/query/{id}]}" onto public java.lang.Object org.totem.tour.action.SysTourCfgDetailController.querySysTourCfgDetailById(javax.servlet.http.HttpServletRequest,javax.servlet.http.HttpServletResponse,org.springframework.ui.Model,java.lang.String)
2018-07-26 15:57:12.328  INFO 3932 --- [main] s.w.s.m.m.a.RequestMappingHandlerMapping : Mapped "{[/tour/systourcfgdetail/queryby/{name}/is/{value}]}" onto public java.lang.Object org.totem.tour.action.SysTourCfgDetailController.querySysTourCfgDetailById(javax.servlet.http.HttpServletRequest,javax.servlet.http.HttpServletResponse,org.springframework.ui.Model,java.lang.String,java.lang.String)
2018-07-26 15:57:12.328  INFO 3932 --- [main] s.w.s.m.m.a.RequestMappingHandlerMapping : Mapped "{[/tour/systourcfgdetail/create]}" onto public java.lang.Object org.totem.tour.action.SysTourCfgDetailController.createSysTourCfgDetail(javax.servlet.http.HttpServletRequest,javax.servlet.http.HttpServletResponse,org.springframework.ui.Model)
2018-07-26 15:57:12.329  INFO 3932 --- [main] s.w.s.m.m.a.RequestMappingHandlerMapping : Mapped "{[/tour/systourcfgdetail/edit/{id}]}" onto public org.springframework.web.servlet.ModelAndView org.totem.tour.action.SysTourCfgDetailController.editSysTourCfgDetailById(javax.servlet.http.HttpServletRequest,javax.servlet.http.HttpServletResponse,org.springframework.ui.Model,java.lang.String)
2018-07-26 15:57:12.329  INFO 3932 --- [main] s.w.s.m.m.a.RequestMappingHandlerMapping : Mapped "{[/tour/systourcfgdetail/copy],methods=[POST]}" onto public org.totem.common.utils.model.JsonVo<org.totem.tour.model.SysTourCfgDetail> org.totem.tour.action.SysTourCfgDetailController.copySysTourCfgDetail(javax.servlet.http.HttpServletRequest,org.springframework.ui.ModelMap) throws java.lang.Exception
2018-07-26 15:57:12.329  INFO 3932 --- [main] s.w.s.m.m.a.RequestMappingHandlerMapping : Mapped "{[/tour/systourcfgdetail/update],methods=[POST]}" onto public org.totem.common.utils.model.JsonVo<org.totem.tour.model.SysTourCfgDetail> org.totem.tour.action.SysTourCfgDetailController.updateSysTourCfgDetail(javax.servlet.http.HttpServletRequest,org.springframework.ui.ModelMap) throws java.lang.Exception
2018-07-26 15:57:12.330  INFO 3932 --- [main] s.w.s.m.m.a.RequestMappingHandlerMapping : Mapped "{[/tour/systourcfgdetail/delete],methods=[POST]}" onto public org.totem.common.utils.model.JsonVo<org.totem.tour.model.SysTourCfgDetail> org.totem.tour.action.SysTourCfgDetailController.deleteSysTourCfgDetail(java.lang.String,javax.servlet.http.HttpServletRequest,org.springframework.ui.ModelMap) throws java.lang.Exception
2018-07-26 15:57:12.330  INFO 3932 --- [main] s.w.s.m.m.a.RequestMappingHandlerMapping : Mapped "{[/tour/systourcfgdetail/deletes],methods=[POST]}" onto public org.totem.common.utils.model.JsonVo<org.totem.tour.model.SysTourCfgDetail> org.totem.tour.action.SysTourCfgDetailController.deleteSysTourCfgDetails(javax.servlet.http.HttpServletRequest,org.springframework.ui.ModelMap) throws java.lang.Exception
2018-07-26 15:57:12.333  INFO 3932 --- [main] s.w.s.m.m.a.RequestMappingHandlerMapping : Mapped "{[/BiTotal]}" onto public org.springframework.web.servlet.ModelAndView org.totem.bi.action.BiTotalController.index(javax.servlet.http.HttpServletRequest,javax.servlet.http.HttpServletResponse,org.springframework.ui.Model)
2018-07-26 15:57:12.334  INFO 3932 --- [main] s.w.s.m.m.a.RequestMappingHandlerMapping : Mapped "{[/BiTotal/query],methods=[POST]}" onto public java.lang.Object org.totem.bi.action.BiTotalController.queryData(javax.servlet.http.HttpServletRequest,javax.servlet.http.HttpServletResponse,org.springframework.ui.Model,int,int,java.lang.String,java.lang.String)
2018-07-26 15:57:12.334  INFO 3932 --- [main] s.w.s.m.m.a.RequestMappingHandlerMapping : Mapped "{[/BiTotal/querynew/{type}],methods=[GET]}" onto public java.lang.Object org.totem.bi.action.BiTotalController.queryDataNew(javax.servlet.http.HttpServletRequest,javax.servlet.http.HttpServletResponse,java.lang.String)
2018-07-26 15:57:12.334  INFO 3932 --- [main] s.w.s.m.m.a.RequestMappingHandlerMapping : Mapped "{[/BiTotal/query/{id}]}" onto public java.lang.Object org.totem.bi.action.BiTotalController.queryBiTotalById(javax.servlet.http.HttpServletRequest,javax.servlet.http.HttpServletResponse,org.springframework.ui.Model,java.lang.String)
2018-07-26 15:57:12.335  INFO 3932 --- [main] s.w.s.m.m.a.RequestMappingHandlerMapping : Mapped "{[/BiTotal/query/pid/{pid}],methods=[GET]}" onto public java.lang.Object org.totem.bi.action.BiTotalController.queryDataNext(javax.servlet.http.HttpServletRequest,javax.servlet.http.HttpServletResponse,java.lang.String)
2018-07-26 15:57:12.338  INFO 3932 --- [main] s.w.s.m.m.a.RequestMappingHandlerMapping : Mapped "{[/error]}" onto public org.springframework.http.ResponseEntity<java.util.Map<java.lang.String, java.lang.Object>> org.springframework.boot.autoconfigure.web.BasicErrorController.error(javax.servlet.http.HttpServletRequest)
2018-07-26 15:57:12.338  INFO 3932 --- [main] s.w.s.m.m.a.RequestMappingHandlerMapping : Mapped "{[/error],produces=[text/html]}" onto public org.springframework.web.servlet.ModelAndView org.springframework.boot.autoconfigure.web.BasicErrorController.errorHtml(javax.servlet.http.HttpServletRequest,javax.servlet.http.HttpServletResponse)
2018-07-26 15:57:12.419  INFO 3932 --- [main] o.s.w.s.handler.SimpleUrlHandlerMapping  : Mapped URL path [/webjars/**] onto handler of type [class org.springframework.web.servlet.resource.ResourceHttpRequestHandler]
2018-07-26 15:57:12.419  INFO 3932 --- [main] o.s.w.s.handler.SimpleUrlHandlerMapping  : Mapped URL path [/**] onto handler of type [class org.springframework.web.servlet.resource.ResourceHttpRequestHandler]
2018-07-26 15:57:12.514  INFO 3932 --- [main] o.s.w.s.handler.SimpleUrlHandlerMapping  : Mapped URL path [/**/favicon.ico] onto handler of type [class org.springframework.web.servlet.resource.ResourceHttpRequestHandler]
2018-07-26 15:57:13.578  INFO 3932 --- [main] o.s.b.d.a.OptionalLiveReloadServer       : LiveReload server is running on port 35729
2018-07-26 15:57:13.862  INFO 3932 --- [main] o.s.j.e.a.AnnotationMBeanExporter        : Registering beans for JMX exposure on startup
2018-07-26 15:57:13.865  INFO 3932 --- [main] o.s.j.e.a.AnnotationMBeanExporter        : Bean with name 'writeDataSource' has been autodetected for JMX exposure
2018-07-26 15:57:13.866  INFO 3932 --- [main] o.s.j.e.a.AnnotationMBeanExporter        : Bean with name 'readDataSource1' has been autodetected for JMX exposure
2018-07-26 15:57:13.884  INFO 3932 --- [main] o.s.j.e.a.AnnotationMBeanExporter        : Located MBean 'writeDataSource': registering with JMX server as MBean [com.alibaba.druid.pool:name=writeDataSource,type=DruidDataSource]
2018-07-26 15:57:13.885  INFO 3932 --- [main] o.s.j.e.a.AnnotationMBeanExporter        : Located MBean 'readDataSource1': registering with JMX server as MBean [com.alibaba.druid.pool:name=readDataSource1,type=DruidDataSource]
2018-07-26 15:57:13.893  INFO 3932 --- [main] ationConfigEmbeddedWebApplicationContext : Refreshing org.springframework.boot.context.embedded.AnnotationConfigEmbeddedWebApplicationContext@2e1b1d22: startup date [Thu Jul 26 15:57:13 CST 2018]; parent: org.springframework.boot.context.embedded.AnnotationConfigEmbeddedWebApplicationContext@37fdfb05
2018-07-26 15:57:13.945  INFO 3932 --- [main] o.s.b.f.s.DefaultListableBeanFactory     : Overriding bean definition for bean 'handlerExceptionResolver' with a different definition: replacing [Root bean: class [null]; scope=; abstract=false; lazyInit=false; autowireMode=3; dependencyCheck=0; autowireCandidate=true; primary=false; factoryBeanName=org.springframework.web.servlet.config.annotation.DelegatingWebMvcConfiguration; factoryMethodName=handlerExceptionResolver; initMethodName=null; destroyMethodName=(inferred); defined in org.springframework.web.servlet.config.annotation.DelegatingWebMvcConfiguration] with [Root bean: class [null]; scope=; abstract=false; lazyInit=false; autowireMode=3; dependencyCheck=0; autowireCandidate=true; primary=false; factoryBeanName=endpointWebMvcChildContextConfiguration; factoryMethodName=compositeHandlerExceptionResolver; initMethodName=null; destroyMethodName=(inferred); defined in org.springframework.boot.actuate.autoconfigure.EndpointWebMvcChildContextConfiguration]
2018-07-26 15:57:14.033  INFO 3932 --- [main] o.s.web.context.ContextLoader            : Root WebApplicationContext: initialization completed in 140 ms
2018-07-26 15:57:14.036  INFO 3932 --- [main] o.s.b.w.servlet.ServletRegistrationBean  : Mapping servlet: 'dispatcherServlet' to [/]
2018-07-26 15:57:14.263  INFO 3932 --- [main] o.s.b.a.e.mvc.EndpointHandlerMapping     : Mapped "{[/manage/autoconfig || /manage/autoconfig.json],methods=[GET],produces=[application/vnd.spring-boot.actuator.v1+json || application/json]}" onto public java.lang.Object org.springframework.boot.actuate.endpoint.mvc.EndpointMvcAdapter.invoke()
2018-07-26 15:57:14.264  INFO 3932 --- [main] o.s.b.a.e.mvc.EndpointHandlerMapping     : Mapped "{[/manage/heapdump || /manage/heapdump.json],methods=[GET],produces=[application/octet-stream]}" onto public void org.springframework.boot.actuate.endpoint.mvc.HeapdumpMvcEndpoint.invoke(boolean,javax.servlet.http.HttpServletRequest,javax.servlet.http.HttpServletResponse) throws java.io.IOException,javax.servlet.ServletException
2018-07-26 15:57:14.265  INFO 3932 --- [main] o.s.b.a.e.mvc.EndpointHandlerMapping     : Mapped "{[/manage/beans || /manage/beans.json],methods=[GET],produces=[application/vnd.spring-boot.actuator.v1+json || application/json]}" onto public java.lang.Object org.springframework.boot.actuate.endpoint.mvc.EndpointMvcAdapter.invoke()
2018-07-26 15:57:14.265  INFO 3932 --- [main] o.s.b.a.e.mvc.EndpointHandlerMapping     : Mapped "{[/manage/trace || /manage/trace.json],methods=[GET],produces=[application/vnd.spring-boot.actuator.v1+json || application/json]}" onto public java.lang.Object org.springframework.boot.actuate.endpoint.mvc.EndpointMvcAdapter.invoke()
2018-07-26 15:57:14.266  INFO 3932 --- [main] o.s.b.a.e.mvc.EndpointHandlerMapping     : Mapped "{[/manage/env/{name:.*}],methods=[GET],produces=[application/vnd.spring-boot.actuator.v1+json || application/json]}" onto public java.lang.Object org.springframework.boot.actuate.endpoint.mvc.EnvironmentMvcEndpoint.value(java.lang.String)
2018-07-26 15:57:14.266  INFO 3932 --- [main] o.s.b.a.e.mvc.EndpointHandlerMapping     : Mapped "{[/manage/env || /manage/env.json],methods=[GET],produces=[application/vnd.spring-boot.actuator.v1+json || application/json]}" onto public java.lang.Object org.springframework.boot.actuate.endpoint.mvc.EndpointMvcAdapter.invoke()
2018-07-26 15:57:14.267  INFO 3932 --- [main] o.s.b.a.e.mvc.EndpointHandlerMapping     : Mapped "{[/manage/dump || /manage/dump.json],methods=[GET],produces=[application/vnd.spring-boot.actuator.v1+json || application/json]}" onto public java.lang.Object org.springframework.boot.actuate.endpoint.mvc.EndpointMvcAdapter.invoke()
2018-07-26 15:57:14.268  INFO 3932 --- [main] o.s.b.a.e.mvc.EndpointHandlerMapping     : Mapped "{[/manage/auditevents || /manage/auditevents.json],methods=[GET],produces=[application/vnd.spring-boot.actuator.v1+json || application/json]}" onto public org.springframework.http.ResponseEntity<?> org.springframework.boot.actuate.endpoint.mvc.AuditEventsMvcEndpoint.findByPrincipalAndAfterAndType(java.lang.String,java.util.Date,java.lang.String)
2018-07-26 15:57:14.268  INFO 3932 --- [main] o.s.b.a.e.mvc.EndpointHandlerMapping     : Mapped "{[/manage/info || /manage/info.json],methods=[GET],produces=[application/vnd.spring-boot.actuator.v1+json || application/json]}" onto public java.lang.Object org.springframework.boot.actuate.endpoint.mvc.EndpointMvcAdapter.invoke()
2018-07-26 15:57:14.269  INFO 3932 --- [main] o.s.b.a.e.mvc.EndpointHandlerMapping     : Mapped "{[/manage/health || /manage/health.json],methods=[GET],produces=[application/vnd.spring-boot.actuator.v1+json || application/json]}" onto public java.lang.Object org.springframework.boot.actuate.endpoint.mvc.HealthMvcEndpoint.invoke(javax.servlet.http.HttpServletRequest,java.security.Principal)
2018-07-26 15:57:14.271  INFO 3932 --- [main] o.s.b.a.e.mvc.EndpointHandlerMapping     : Mapped "{[/manage/loggers/{name:.*}],methods=[GET],produces=[application/vnd.spring-boot.actuator.v1+json || application/json]}" onto public java.lang.Object org.springframework.boot.actuate.endpoint.mvc.LoggersMvcEndpoint.get(java.lang.String)
2018-07-26 15:57:14.272  INFO 3932 --- [main] o.s.b.a.e.mvc.EndpointHandlerMapping     : Mapped "{[/manage/loggers/{name:.*}],methods=[POST],consumes=[application/vnd.spring-boot.actuator.v1+json || application/json],produces=[application/vnd.spring-boot.actuator.v1+json || application/json]}" onto public java.lang.Object org.springframework.boot.actuate.endpoint.mvc.LoggersMvcEndpoint.set(java.lang.String,java.util.Map<java.lang.String, java.lang.String>)
2018-07-26 15:57:14.272  INFO 3932 --- [main] o.s.b.a.e.mvc.EndpointHandlerMapping     : Mapped "{[/manage/loggers || /manage/loggers.json],methods=[GET],produces=[application/vnd.spring-boot.actuator.v1+json || application/json]}" onto public java.lang.Object org.springframework.boot.actuate.endpoint.mvc.EndpointMvcAdapter.invoke()
2018-07-26 15:57:14.272  INFO 3932 --- [main] o.s.b.a.e.mvc.EndpointHandlerMapping     : Mapped "{[/manage/configprops || /manage/configprops.json],methods=[GET],produces=[application/vnd.spring-boot.actuator.v1+json || application/json]}" onto public java.lang.Object org.springframework.boot.actuate.endpoint.mvc.EndpointMvcAdapter.invoke()
2018-07-26 15:57:14.272  INFO 3932 --- [main] o.s.b.a.e.mvc.EndpointHandlerMapping     : Mapped "{[/manage/mappings || /manage/mappings.json],methods=[GET],produces=[application/vnd.spring-boot.actuator.v1+json || application/json]}" onto public java.lang.Object org.springframework.boot.actuate.endpoint.mvc.EndpointMvcAdapter.invoke()
2018-07-26 15:57:14.273  INFO 3932 --- [main] o.s.b.a.e.mvc.EndpointHandlerMapping     : Mapped "{[/manage/metrics/{name:.*}],methods=[GET],produces=[application/vnd.spring-boot.actuator.v1+json || application/json]}" onto public java.lang.Object org.springframework.boot.actuate.endpoint.mvc.MetricsMvcEndpoint.value(java.lang.String)
2018-07-26 15:57:14.273  INFO 3932 --- [main] o.s.b.a.e.mvc.EndpointHandlerMapping     : Mapped "{[/manage/metrics || /manage/metrics.json],methods=[GET],produces=[application/vnd.spring-boot.actuator.v1+json || application/json]}" onto public java.lang.Object org.springframework.boot.actuate.endpoint.mvc.EndpointMvcAdapter.invoke()
2018-07-26 15:57:14.274  INFO 3932 --- [main] o.s.b.a.e.mvc.EndpointHandlerMapping     : Mapped "{[/manage/logfile || /manage/logfile.json],methods=[GET || HEAD]}" onto public void org.springframework.boot.actuate.endpoint.mvc.LogFileMvcEndpoint.invoke(javax.servlet.http.HttpServletRequest,javax.servlet.http.HttpServletResponse) throws javax.servlet.ServletException,java.io.IOException
2018-07-26 15:57:14.295  INFO 3932 --- [main] s.w.s.m.m.a.RequestMappingHandlerMapping : Mapped "{[/error]}" onto public java.util.Map<java.lang.String, java.lang.Object> org.springframework.boot.actuate.endpoint.mvc.ManagementErrorEndpoint.invoke()
2018-07-26 15:57:14.304  INFO 3932 --- [main] o.s.w.s.handler.SimpleUrlHandlerMapping  : Mapped URL path [/webjars/**] onto handler of type [class org.springframework.web.servlet.resource.ResourceHttpRequestHandler]
2018-07-26 15:57:14.304  INFO 3932 --- [main] o.s.w.s.handler.SimpleUrlHandlerMapping  : Mapped URL path [/**] onto handler of type [class org.springframework.web.servlet.resource.ResourceHttpRequestHandler]
2018-07-26 15:57:14.336  INFO 3932 --- [main] s.w.s.m.m.a.RequestMappingHandlerAdapter : Looking for @ControllerAdvice: org.springframework.boot.context.embedded.AnnotationConfigEmbeddedWebApplicationContext@2e1b1d22: startup date [Thu Jul 26 15:57:13 CST 2018]; parent: org.springframework.boot.context.embedded.AnnotationConfigEmbeddedWebApplicationContext@37fdfb05
2018-07-26 15:57:14.347  INFO 3932 --- [main] s.w.s.m.m.a.RequestMappingHandlerAdapter : Detected @ModelAttribute methods in staticResourceConfig
2018-07-26 15:57:14.511  INFO 3932 --- [main] b.c.e.u.UndertowEmbeddedServletContainer : Undertow started on port(s) 8081 (http)
2018-07-26 15:57:14.531  INFO 3932 --- [main] o.s.c.support.DefaultLifecycleProcessor  : Starting beans in phase 0
2018-07-26 15:57:14.656  INFO 3932 --- [main] o.s.c.support.DefaultLifecycleProcessor  : Starting beans in phase 2147483647
2018-07-26 15:57:14.685  INFO 3932 --- [main] s.a.ScheduledAnnotationBeanPostProcessor : No TaskScheduler/ScheduledExecutorService bean found for scheduled processing
2018-07-26 15:57:14.706  INFO 3932 --- [main] b.c.e.u.UndertowEmbeddedServletContainer : Undertow started on port(s) 9000 (http)
2018-07-26 15:57:14.718  INFO 3932 --- [main] org.totem.iot.MainApplication            : Started MainApplication in 12.223 seconds (JVM running for 17.568)
2018-07-26 15:57:15.725  INFO 3932 --- [RMI TCP Connection(8)-127.0.0.1] com.alibaba.druid.pool.DruidDataSource   : {dataSource-2} inited
2018-07-26 15:58:15.097  INFO 3932 --- [XNIO-3 task-1] o.s.web.servlet.DispatcherServlet        : FrameworkServlet 'dispatcherServlet': initialization started
2018-07-26 15:58:15.117  INFO 3932 --- [XNIO-3 task-1] o.s.web.servlet.DispatcherServlet        : FrameworkServlet 'dispatcherServlet': initialization completed in 20 ms
2018-07-26 16:18:03.224  WARN 3932 --- [pool-4-thread-1] ssPathScanningCandidateComponentProvider : No MyBatis mapper was found in '[org.totem.*.dao]' package. Please check your configuration.
2018-07-26 16:18:20.795 ERROR 3932 --- [redisMessageListenerContainer-1] o.s.d.r.l.RedisMessageListenerContainer  : SubscriptionTask aborted with exception:

java.lang.OutOfMemoryError: unable to create new native thread
	at java.lang.Thread.start0(Thread.java)
	at java.lang.Thread.start(Thread.java:717)
	at org.springframework.core.task.SimpleAsyncTaskExecutor.doExecute(SimpleAsyncTaskExecutor.java:233)
	at org.springframework.core.task.SimpleAsyncTaskExecutor.execute(SimpleAsyncTaskExecutor.java:191)
	at org.springframework.core.task.SimpleAsyncTaskExecutor.execute(SimpleAsyncTaskExecutor.java:170)
	at org.springframework.data.redis.listener.RedisMessageListenerContainer.dispatchMessage(RedisMessageListenerContainer.java:965)
	at org.springframework.data.redis.listener.RedisMessageListenerContainer.access$1400(RedisMessageListenerContainer.java:72)
	at org.springframework.data.redis.listener.RedisMessageListenerContainer$DispatchMessageListener.onMessage(RedisMessageListenerContainer.java:956)
	at org.springframework.data.redis.connection.jedis.JedisMessageListener.onPMessage(JedisMessageListener.java:43)
	at redis.clients.jedis.BinaryJedisPubSub.process(BinaryJedisPubSub.java:109)
	at redis.clients.jedis.BinaryJedisPubSub.proceedWithPatterns(BinaryJedisPubSub.java:75)
	at redis.clients.jedis.BinaryJedis.psubscribe(BinaryJedis.java:3079)
	at org.springframework.data.redis.connection.jedis.JedisConnection.pSubscribe(JedisConnection.java:3151)
	at org.springframework.data.redis.listener.RedisMessageListenerContainer$SubscriptionTask.eventuallyPerformSubscription(RedisMessageListenerContainer.java:779)
	at org.springframework.data.redis.listener.RedisMessageListenerContainer$SubscriptionTask.run(RedisMessageListenerContainer.java:746)
	at java.lang.Thread.run(Thread.java:748)

2018-07-26 16:18:24.915  WARN 3932 --- [XNIO-3 task-2] o.t.c.c.SafeDeserializationRepository    : Deleting non-deserializable session with key d49e0557-f334-4a90-b21c-51e3c29cb5e6
2018-07-26 16:18:25.058  WARN 3932 --- [XNIO-3 task-2] o.t.c.c.SafeDeserializationRepository    : Deleting non-deserializable session with key d49e0557-f334-4a90-b21c-51e3c29cb5e6
2018-07-26 16:18:25.065 ERROR 3932 --- [XNIO-3 task-2] io.undertow.request                      : UT005023: Exception handling request to /iot/iot/iotservicelogcontrol/query

org.springframework.data.redis.RedisSystemException: Unknown redis exception; nested exception is java.lang.ClassCastException: java.util.ArrayList cannot be cast to java.lang.Long
	at org.springframework.data.redis.FallbackExceptionTranslationStrategy.getFallback(FallbackExceptionTranslationStrategy.java:48)
	at org.springframework.data.redis.FallbackExceptionTranslationStrategy.translate(FallbackExceptionTranslationStrategy.java:38)
	at org.springframework.data.redis.connection.jedis.JedisConnection.convertJedisAccessException(JedisConnection.java:241)
	at org.springframework.data.redis.connection.jedis.JedisConnection.del(JedisConnection.java:747)
	at org.springframework.data.redis.core.RedisTemplate$4.doInRedis(RedisTemplate.java:633)
	at org.springframework.data.redis.core.RedisTemplate.execute(RedisTemplate.java:207)
	at org.springframework.data.redis.core.RedisTemplate.execute(RedisTemplate.java:169)
	at org.springframework.data.redis.core.RedisTemplate.delete(RedisTemplate.java:630)
	at org.totem.common.configuration.SafeDeserializationRepository.getSession(SafeDeserializationRepository.java:40)
	at org.totem.common.configuration.SafeDeserializationRepository.getSession(SafeDeserializationRepository.java:11)
	at org.springframework.session.web.http.SessionRepositoryFilter$SessionRepositoryRequestWrapper.getSession(SessionRepositoryFilter.java:327)
	at org.springframework.session.web.http.SessionRepositoryFilter$SessionRepositoryRequestWrapper.getSession(SessionRepositoryFilter.java:344)
	at org.springframework.session.web.http.SessionRepositoryFilter$SessionRepositoryRequestWrapper.getSession(SessionRepositoryFilter.java:217)
	at org.springframework.boot.actuate.trace.WebRequestTraceFilter.addSessionIdIfNecessary(WebRequestTraceFilter.java:125)
	at org.springframework.boot.actuate.trace.WebRequestTraceFilter.doFilterInternal(WebRequestTraceFilter.java:116)
	at org.springframework.web.filter.OncePerRequestFilter.doFilter(OncePerRequestFilter.java:107)
	at io.undertow.servlet.core.ManagedFilter.doFilter(ManagedFilter.java:61)
	at io.undertow.servlet.handlers.FilterHandler$FilterChainImpl.doFilter(FilterHandler.java:131)
	at org.springframework.web.filter.RequestContextFilter.doFilterInternal(RequestContextFilter.java:99)
	at org.springframework.web.filter.OncePerRequestFilter.doFilter(OncePerRequestFilter.java:107)
	at io.undertow.servlet.core.ManagedFilter.doFilter(ManagedFilter.java:61)
	at io.undertow.servlet.handlers.FilterHandler$FilterChainImpl.doFilter(FilterHandler.java:131)
	at org.springframework.web.filter.HttpPutFormContentFilter.doFilterInternal(HttpPutFormContentFilter.java:109)
	at org.springframework.web.filter.OncePerRequestFilter.doFilter(OncePerRequestFilter.java:107)
	at io.undertow.servlet.core.ManagedFilter.doFilter(ManagedFilter.java:61)
	at io.undertow.servlet.handlers.FilterHandler$FilterChainImpl.doFilter(FilterHandler.java:131)
	at org.springframework.web.filter.HiddenHttpMethodFilter.doFilterInternal(HiddenHttpMethodFilter.java:81)
	at org.springframework.web.filter.OncePerRequestFilter.doFilter(OncePerRequestFilter.java:107)
	at io.undertow.servlet.core.ManagedFilter.doFilter(ManagedFilter.java:61)
	at io.undertow.servlet.handlers.FilterHandler$FilterChainImpl.doFilter(FilterHandler.java:131)
	at org.springframework.session.web.http.SessionRepositoryFilter.doFilterInternal(SessionRepositoryFilter.java:167)
	at org.springframework.session.web.http.OncePerRequestFilter.doFilter(OncePerRequestFilter.java:80)
	at io.undertow.servlet.core.ManagedFilter.doFilter(ManagedFilter.java:61)
	at io.undertow.servlet.handlers.FilterHandler$FilterChainImpl.doFilter(FilterHandler.java:131)
	at org.springframework.web.filter.CharacterEncodingFilter.doFilterInternal(CharacterEncodingFilter.java:197)
	at org.springframework.web.filter.OncePerRequestFilter.doFilter(OncePerRequestFilter.java:107)
	at io.undertow.servlet.core.ManagedFilter.doFilter(ManagedFilter.java:61)
	at io.undertow.servlet.handlers.FilterHandler$FilterChainImpl.doFilter(FilterHandler.java:131)
	at org.springframework.boot.actuate.autoconfigure.MetricsFilter.doFilterInternal(MetricsFilter.java:106)
	at org.springframework.web.filter.OncePerRequestFilter.doFilter(OncePerRequestFilter.java:107)
	at io.undertow.servlet.core.ManagedFilter.doFilter(ManagedFilter.java:61)
	at io.undertow.servlet.handlers.FilterHandler$FilterChainImpl.doFilter(FilterHandler.java:131)
	at io.undertow.servlet.handlers.FilterHandler.handleRequest(FilterHandler.java:84)
	at io.undertow.servlet.handlers.security.ServletSecurityRoleHandler.handleRequest(ServletSecurityRoleHandler.java:62)
	at io.undertow.servlet.handlers.ServletChain$1.handleRequest(ServletChain.java:64)
	at io.undertow.servlet.handlers.ServletDispatchingHandler.handleRequest(ServletDispatchingHandler.java:36)
	at io.undertow.servlet.handlers.security.SSLInformationAssociationHandler.handleRequest(SSLInformationAssociationHandler.java:132)
	at io.undertow.servlet.handlers.security.ServletAuthenticationCallHandler.handleRequest(ServletAuthenticationCallHandler.java:57)
	at io.undertow.server.handlers.PredicateHandler.handleRequest(PredicateHandler.java:43)
	at io.undertow.security.handlers.AbstractConfidentialityHandler.handleRequest(AbstractConfidentialityHandler.java:46)
	at io.undertow.servlet.handlers.security.ServletConfidentialityConstraintHandler.handleRequest(ServletConfidentialityConstraintHandler.java:64)
	at io.undertow.security.handlers.AuthenticationMechanismsHandler.handleRequest(AuthenticationMechanismsHandler.java:60)
	at io.undertow.servlet.handlers.security.CachedAuthenticatedSessionHandler.handleRequest(CachedAuthenticatedSessionHandler.java:77)
	at io.undertow.security.handlers.AbstractSecurityContextAssociationHandler.handleRequest(AbstractSecurityContextAssociationHandler.java:43)
	at io.undertow.server.handlers.PredicateHandler.handleRequest(PredicateHandler.java:43)
	at io.undertow.server.handlers.PredicateHandler.handleRequest(PredicateHandler.java:43)
	at io.undertow.servlet.handlers.SessionRestoringHandler.handleRequest(SessionRestoringHandler.java:119)
	at io.undertow.servlet.handlers.ServletInitialHandler.jrHandle(ServletInitialHandler.java:40001)
	at org.zeroturnaround.javarebel.integration.servlet.undertow.cbp.ServletInitialHandlerCBP.handleRequest(ServletInitialHandlerCBP.java:98)
	at io.undertow.servlet.handlers.ServletInitialHandler.handleFirstRequest(ServletInitialHandler.java:292)
	at io.undertow.servlet.handlers.ServletInitialHandler.access$100(ServletInitialHandler.java:81)
	at io.undertow.servlet.handlers.ServletInitialHandler$2.call(ServletInitialHandler.java:138)
	at io.undertow.servlet.handlers.ServletInitialHandler$2.call(ServletInitialHandler.java:135)
	at io.undertow.servlet.core.ServletRequestContextThreadSetupAction$1.call(ServletRequestContextThreadSetupAction.java:48)
	at io.undertow.servlet.core.ContextClassLoaderSetupAction$1.call(ContextClassLoaderSetupAction.java:43)
	at io.undertow.servlet.handlers.ServletInitialHandler.dispatchRequest(ServletInitialHandler.java:272)
	at io.undertow.servlet.handlers.ServletInitialHandler.access$000(ServletInitialHandler.java:81)
	at io.undertow.servlet.handlers.ServletInitialHandler$1.handleRequest(ServletInitialHandler.java:104)
	at io.undertow.server.Connectors.executeRootHandler(Connectors.java:336)
	at io.undertow.server.HttpServerExchange$1.run(HttpServerExchange.java:830)
	at java.util.concurrent.ThreadPoolExecutor.runWorker(ThreadPoolExecutor.java:1149)
	at java.util.concurrent.ThreadPoolExecutor$Worker.run(ThreadPoolExecutor.java:624)
	at java.lang.Thread.run(Thread.java:748)
Caused by: java.lang.ClassCastException: java.util.ArrayList cannot be cast to java.lang.Long
	at redis.clients.jedis.Connection.getIntegerReply(Connection.java:265)
	at redis.clients.jedis.BinaryJedis.del(BinaryJedis.java:292)
	at org.springframework.data.redis.connection.jedis.JedisConnection.del(JedisConnection.java:745)
	... 69 common frames omitted

2018-07-26 16:18:25.236  INFO 3932 --- [XNIO-3 task-2] o.s.w.s.handler.SimpleUrlHandlerMapping  : Mapped URL path [/**/favicon.ico] onto handler of type [class org.springframework.web.servlet.resource.ResourceHttpRequestHandler]
2018-07-26 16:19:13.788  WARN 3932 --- [File Watcher] ssPathScanningCandidateComponentProvider : No MyBatis mapper was found in '[org.totem.*.dao]' package. Please check your configuration.
2018-07-26 16:19:45.622  WARN 3932 --- [File Watcher] ssPathScanningCandidateComponentProvider : No MyBatis mapper was found in '[org.totem.*.dao]' package. Please check your configuration.
2018-07-26 16:19:46.715  INFO 3932 --- [XNIO-3 task-9] o.s.w.s.handler.SimpleUrlHandlerMapping  : Mapped URL path [/**/favicon.ico] onto handler of type [class org.springframework.web.servlet.resource.ResourceHttpRequestHandler]
2018-07-26 16:19:46.775  INFO 3932 --- [XNIO-3 task-7] o.s.w.s.handler.SimpleUrlHandlerMapping  : Mapped URL path [/webjars/**] onto handler of type [class org.springframework.web.servlet.resource.ResourceHttpRequestHandler]
2018-07-26 16:19:46.775  INFO 3932 --- [XNIO-3 task-7] o.s.w.s.handler.SimpleUrlHandlerMapping  : Mapped URL path [/**] onto handler of type [class org.springframework.web.servlet.resource.ResourceHttpRequestHandler]
2018-07-26 16:19:58.868  WARN 3932 --- [File Watcher] ssPathScanningCandidateComponentProvider : No MyBatis mapper was found in '[org.totem.*.dao]' package. Please check your configuration.
2018-07-26 16:20:36.804  WARN 3932 --- [File Watcher] ssPathScanningCandidateComponentProvider : No MyBatis mapper was found in '[org.totem.*.dao]' package. Please check your configuration.
2018-07-26 16:20:55.568  WARN 3932 --- [File Watcher] ssPathScanningCandidateComponentProvider : No MyBatis mapper was found in '[org.totem.*.dao]' package. Please check your configuration.
2018-07-26 16:20:56.295  INFO 3932 --- [XNIO-3 task-31] o.s.w.s.handler.SimpleUrlHandlerMapping  : Mapped URL path [/**/favicon.ico] onto handler of type [class org.springframework.web.servlet.resource.ResourceHttpRequestHandler]
2018-07-26 16:21:00.610  INFO 3932 --- [XNIO-3 task-1] o.s.w.s.handler.SimpleUrlHandlerMapping  : Mapped URL path [/webjars/**] onto handler of type [class org.springframework.web.servlet.resource.ResourceHttpRequestHandler]
2018-07-26 16:21:00.611  INFO 3932 --- [XNIO-3 task-1] o.s.w.s.handler.SimpleUrlHandlerMapping  : Mapped URL path [/**] onto handler of type [class org.springframework.web.servlet.resource.ResourceHttpRequestHandler]
2018-07-26 16:54:08.708  INFO 3932 --- [Thread-50] ationConfigEmbeddedWebApplicationContext : Closing org.springframework.boot.context.embedded.AnnotationConfigEmbeddedWebApplicationContext@37fdfb05: startup date [Thu Jul 26 15:57:03 CST 2018]; root of context hierarchy
2018-07-26 16:54:08.710  INFO 3932 --- [Thread-50] ationConfigEmbeddedWebApplicationContext : Closing org.springframework.boot.context.embedded.AnnotationConfigEmbeddedWebApplicationContext@2e1b1d22: startup date [Thu Jul 26 15:57:13 CST 2018]; parent: org.springframework.boot.context.embedded.AnnotationConfigEmbeddedWebApplicationContext@37fdfb05
2018-07-26 16:54:08.721  INFO 3932 --- [Thread-50] o.s.c.support.DefaultLifecycleProcessor  : Stopping beans in phase 2147483647
2018-07-26 16:54:08.726  INFO 3932 --- [Thread-50] o.s.c.support.DefaultLifecycleProcessor  : Stopping beans in phase 0
2018-07-26 16:54:08.730  INFO 3932 --- [Thread-50] o.s.j.e.a.AnnotationMBeanExporter        : Unregistering JMX-exposed beans on shutdown
2018-07-26 16:54:08.731  INFO 3932 --- [Thread-50] o.s.j.e.a.AnnotationMBeanExporter        : Unregistering JMX-exposed beans
2018-07-26 16:54:08.735  INFO 3932 --- [Thread-50] com.alibaba.druid.pool.DruidDataSource   : {dataSource-2} closed
2018-07-26 16:54:08.756  INFO 3932 --- [Thread-50] com.alibaba.druid.pool.DruidDataSource   : {dataSource-1} closed
